  Solution.cpp
C:\Users\s1221\OneDrive\Desktop\h1\Q3\Solution.cpp(54,17): warning C4267: '=': conversion from 'size_t' to 'int', possible loss of data
C:\Users\s1221\OneDrive\Desktop\h1\Q3\Solution.cpp(56,5): error C4235: nonstandard extension used: '__asm' keyword not supported on this architecture
C:\Users\s1221\OneDrive\Desktop\h1\Q3\Solution.cpp(57,9): error C2065: 'mov': undeclared identifier
C:\Users\s1221\OneDrive\Desktop\h1\Q3\Solution.cpp(57,13): error C2146: syntax error: missing ';' before identifier 'ecx'
C:\Users\s1221\OneDrive\Desktop\h1\Q3\Solution.cpp(57,13): error C2065: 'ecx': undeclared identifier
C:\Users\s1221\OneDrive\Desktop\h1\Q3\Solution.cpp(58,9): error C2146: syntax error: missing ';' before identifier 'lea'
C:\Users\s1221\OneDrive\Desktop\h1\Q3\Solution.cpp(58,9): error C2065: 'lea': undeclared identifier
C:\Users\s1221\OneDrive\Desktop\h1\Q3\Solution.cpp(58,13): error C2146: syntax error: missing ';' before identifier 'esi'
C:\Users\s1221\OneDrive\Desktop\h1\Q3\Solution.cpp(58,13): error C2065: 'esi': undeclared identifier
C:\Users\s1221\OneDrive\Desktop\h1\Q3\Solution.cpp(60,9): error C2146: syntax error: missing ';' before identifier 'loop_start'
C:\Users\s1221\OneDrive\Desktop\h1\Q3\Solution.cpp(61,9): error C2065: 'cmp': undeclared identifier
C:\Users\s1221\OneDrive\Desktop\h1\Q3\Solution.cpp(61,13): error C2146: syntax error: missing ';' before identifier 'ecx'
C:\Users\s1221\OneDrive\Desktop\h1\Q3\Solution.cpp(61,13): error C2065: 'ecx': undeclared identifier
C:\Users\s1221\OneDrive\Desktop\h1\Q3\Solution.cpp(62,13): error C2146: syntax error: missing ';' before identifier 'je'
C:\Users\s1221\OneDrive\Desktop\h1\Q3\Solution.cpp(62,13): error C2065: 'je': undeclared identifier
C:\Users\s1221\OneDrive\Desktop\h1\Q3\Solution.cpp(62,16): error C2146: syntax error: missing ';' before identifier 'loop_end'
C:\Users\s1221\OneDrive\Desktop\h1\Q3\Solution.cpp(62,16): error C2065: 'loop_end': undeclared identifier
C:\Users\s1221\OneDrive\Desktop\h1\Q3\Solution.cpp(64,13): error C2146: syntax error: missing ';' before identifier 'mov'
C:\Users\s1221\OneDrive\Desktop\h1\Q3\Solution.cpp(64,13): error C2065: 'mov': undeclared identifier
C:\Users\s1221\OneDrive\Desktop\h1\Q3\Solution.cpp(64,17): error C2146: syntax error: missing ';' before identifier 'al'
C:\Users\s1221\OneDrive\Desktop\h1\Q3\Solution.cpp(64,17): error C2065: 'al': undeclared identifier
C:\Users\s1221\OneDrive\Desktop\h1\Q3\Solution.cpp(64,21): error C2065: 'byte': undeclared identifier
C:\Users\s1221\OneDrive\Desktop\h1\Q3\Solution.cpp(64,26): error C2146: syntax error: missing ';' before identifier 'ptr'
C:\Users\s1221\OneDrive\Desktop\h1\Q3\Solution.cpp(64,26): error C2065: 'ptr': undeclared identifier
C:\Users\s1221\OneDrive\Desktop\h1\Q3\Solution.cpp(64,30): error C2065: 'esi': undeclared identifier
C:\Users\s1221\OneDrive\Desktop\h1\Q3\Solution.cpp(65,13): error C2146: syntax error: missing ';' before identifier 'cmp'
C:\Users\s1221\OneDrive\Desktop\h1\Q3\Solution.cpp(65,13): error C2065: 'cmp': undeclared identifier
C:\Users\s1221\OneDrive\Desktop\h1\Q3\Solution.cpp(65,17): error C2146: syntax error: missing ';' before identifier 'al'
C:\Users\s1221\OneDrive\Desktop\h1\Q3\Solution.cpp(65,17): error C2065: 'al': undeclared identifier
C:\Users\s1221\OneDrive\Desktop\h1\Q3\Solution.cpp(66,17): error C2146: syntax error: missing ';' before identifier 'jl'
C:\Users\s1221\OneDrive\Desktop\h1\Q3\Solution.cpp(66,17): error C2065: 'jl': undeclared identifier
C:\Users\s1221\OneDrive\Desktop\h1\Q3\Solution.cpp(66,20): error C2146: syntax error: missing ';' before identifier 'not_alpha'
C:\Users\s1221\OneDrive\Desktop\h1\Q3\Solution.cpp(66,20): error C2065: 'not_alpha': undeclared identifier
C:\Users\s1221\OneDrive\Desktop\h1\Q3\Solution.cpp(67,17): error C2146: syntax error: missing ';' before identifier 'cmp'
C:\Users\s1221\OneDrive\Desktop\h1\Q3\Solution.cpp(67,17): error C2065: 'cmp': undeclared identifier
C:\Users\s1221\OneDrive\Desktop\h1\Q3\Solution.cpp(67,21): error C2146: syntax error: missing ';' before identifier 'al'
C:\Users\s1221\OneDrive\Desktop\h1\Q3\Solution.cpp(67,21): error C2065: 'al': undeclared identifier
C:\Users\s1221\OneDrive\Desktop\h1\Q3\Solution.cpp(68,17): error C2146: syntax error: missing ';' before identifier 'jle'
C:\Users\s1221\OneDrive\Desktop\h1\Q3\Solution.cpp(68,17): error C2065: 'jle': undeclared identifier
C:\Users\s1221\OneDrive\Desktop\h1\Q3\Solution.cpp(68,21): error C2146: syntax error: missing ';' before identifier 'upper_case'
C:\Users\s1221\OneDrive\Desktop\h1\Q3\Solution.cpp(68,21): error C2065: 'upper_case': undeclared identifier
C:\Users\s1221\OneDrive\Desktop\h1\Q3\Solution.cpp(70,17): error C2146: syntax error: missing ';' before identifier 'cmp'
C:\Users\s1221\OneDrive\Desktop\h1\Q3\Solution.cpp(70,17): error C2065: 'cmp': undeclared identifier
C:\Users\s1221\OneDrive\Desktop\h1\Q3\Solution.cpp(70,21): error C2146: syntax error: missing ';' before identifier 'al'
C:\Users\s1221\OneDrive\Desktop\h1\Q3\Solution.cpp(70,21): error C2065: 'al': undeclared identifier
C:\Users\s1221\OneDrive\Desktop\h1\Q3\Solution.cpp(71,17): error C2146: syntax error: missing ';' before identifier 'jl'
C:\Users\s1221\OneDrive\Desktop\h1\Q3\Solution.cpp(71,17): error C2065: 'jl': undeclared identifier
C:\Users\s1221\OneDrive\Desktop\h1\Q3\Solution.cpp(71,20): error C2146: syntax error: missing ';' before identifier 'not_alpha'
C:\Users\s1221\OneDrive\Desktop\h1\Q3\Solution.cpp(71,20): error C2065: 'not_alpha': undeclared identifier
C:\Users\s1221\OneDrive\Desktop\h1\Q3\Solution.cpp(72,17): error C2146: syntax error: missing ';' before identifier 'cmp'
C:\Users\s1221\OneDrive\Desktop\h1\Q3\Solution.cpp(72,17): error C2065: 'cmp': undeclared identifier
C:\Users\s1221\OneDrive\Desktop\h1\Q3\Solution.cpp(72,21): error C2146: syntax error: missing ';' before identifier 'al'
C:\Users\s1221\OneDrive\Desktop\h1\Q3\Solution.cpp(72,21): error C2065: 'al': undeclared identifier
C:\Users\s1221\OneDrive\Desktop\h1\Q3\Solution.cpp(73,17): error C2146: syntax error: missing ';' before identifier 'jle'
C:\Users\s1221\OneDrive\Desktop\h1\Q3\Solution.cpp(73,17): error C2065: 'jle': undeclared identifier
C:\Users\s1221\OneDrive\Desktop\h1\Q3\Solution.cpp(73,21): error C2146: syntax error: missing ';' before identifier 'lower_case'
C:\Users\s1221\OneDrive\Desktop\h1\Q3\Solution.cpp(73,21): error C2065: 'lower_case': undeclared identifier
C:\Users\s1221\OneDrive\Desktop\h1\Q3\Solution.cpp(75,17): error C2146: syntax error: missing ';' before identifier 'jmp'
C:\Users\s1221\OneDrive\Desktop\h1\Q3\Solution.cpp(75,17): error C2065: 'jmp': undeclared identifier
C:\Users\s1221\OneDrive\Desktop\h1\Q3\Solution.cpp(75,21): error C2146: syntax error: missing ';' before identifier 'not_alpha'
C:\Users\s1221\OneDrive\Desktop\h1\Q3\Solution.cpp(75,21): error C2065: 'not_alpha': undeclared identifier
C:\Users\s1221\OneDrive\Desktop\h1\Q3\Solution.cpp(77,17): error C2146: syntax error: missing ';' before identifier 'upper_case'
C:\Users\s1221\OneDrive\Desktop\h1\Q3\Solution.cpp(78,13): error C2065: 'cmp': undeclared identifier
C:\Users\s1221\OneDrive\Desktop\h1\Q3\Solution.cpp(78,17): error C2146: syntax error: missing ';' before identifier 'choice'
C:\Users\s1221\OneDrive\Desktop\h1\Q3\Solution.cpp(79,17): error C2146: syntax error: missing ';' before identifier 'je'
C:\Users\s1221\OneDrive\Desktop\h1\Q3\Solution.cpp(79,17): error C2065: 'je': undeclared identifier
C:\Users\s1221\OneDrive\Desktop\h1\Q3\Solution.cpp(79,20): error C2146: syntax error: missing ';' before identifier 'encrypt_upper'
C:\Users\s1221\OneDrive\Desktop\h1\Q3\Solution.cpp(79,20): error C2065: 'encrypt_upper': undeclared identifier
C:\Users\s1221\OneDrive\Desktop\h1\Q3\Solution.cpp(80,17): error C2146: syntax error: missing ';' before identifier 'cmp'
C:\Users\s1221\OneDrive\Desktop\h1\Q3\Solution.cpp(80,17): error C2065: 'cmp': undeclared identifier
C:\Users\s1221\OneDrive\Desktop\h1\Q3\Solution.cpp(80,21): error C2146: syntax error: missing ';' before identifier 'choice'
C:\Users\s1221\OneDrive\Desktop\h1\Q3\Solution.cpp(81,17): error C2146: syntax error: missing ';' before identifier 'je'
C:\Users\s1221\OneDrive\Desktop\h1\Q3\Solution.cpp(81,17): error C2065: 'je': undeclared identifier
C:\Users\s1221\OneDrive\Desktop\h1\Q3\Solution.cpp(81,20): error C2146: syntax error: missing ';' before identifier 'encrypt_upper'
C:\Users\s1221\OneDrive\Desktop\h1\Q3\Solution.cpp(81,20): error C2065: 'encrypt_upper': undeclared identifier
C:\Users\s1221\OneDrive\Desktop\h1\Q3\Solution.cpp(82,17): error C2146: syntax error: missing ';' before identifier 'jmp'
C:\Users\s1221\OneDrive\Desktop\h1\Q3\Solution.cpp(82,17): error C2065: 'jmp': undeclared identifier
C:\Users\s1221\OneDrive\Desktop\h1\Q3\Solution.cpp(82,21): error C2146: syntax error: missing ';' before identifier 'decrypt_upper'
C:\Users\s1221\OneDrive\Desktop\h1\Q3\Solution.cpp(82,21): error C2065: 'decrypt_upper': undeclared identifier
C:\Users\s1221\OneDrive\Desktop\h1\Q3\Solution.cpp(84,17): error C2146: syntax error: missing ';' before identifier 'encrypt_upper'
C:\Users\s1221\OneDrive\Desktop\h1\Q3\Solution.cpp(85,13): error C2065: 'add': undeclared identifier
C:\Users\s1221\OneDrive\Desktop\h1\Q3\Solution.cpp(85,17): error C2146: syntax error: missing ';' before identifier 'al'
C:\Users\s1221\OneDrive\Desktop\h1\Q3\Solution.cpp(85,17): error C2065: 'al': undeclared identifier
C:\Users\s1221\OneDrive\Desktop\h1\Q3\Solution.cpp(85,21): error C2065: 'byte': undeclared identifier
C:\Users\s1221\OneDrive\Desktop\h1\Q3\Solution.cpp(85,26): error C2146: syntax error: missing ';' before identifier 'ptr'
C:\Users\s1221\OneDrive\Desktop\h1\Q3\Solution.cpp(85,26): error C2065: 'ptr': undeclared identifier
C:\Users\s1221\OneDrive\Desktop\h1\Q3\Solution.cpp(85,30): error C2146: syntax error: missing ';' before identifier 'key'
C:\Users\s1221\OneDrive\Desktop\h1\Q3\Solution.cpp(86,17): error C2146: syntax error: missing ';' before identifier 'cmp'
C:\Users\s1221\OneDrive\Desktop\h1\Q3\Solution.cpp(86,17): error C2065: 'cmp': undeclared identifier
C:\Users\s1221\OneDrive\Desktop\h1\Q3\Solution.cpp(86,21): error C2146: syntax error: missing ';' before identifier 'al'
C:\Users\s1221\OneDrive\Desktop\h1\Q3\Solution.cpp(86,21): error C2065: 'al': undeclared identifier
C:\Users\s1221\OneDrive\Desktop\h1\Q3\Solution.cpp(87,17): error C2146: syntax error: missing ';' before identifier 'jle'
C:\Users\s1221\OneDrive\Desktop\h1\Q3\Solution.cpp(87,17): error C2065: 'jle': undeclared identifier
C:\Users\s1221\OneDrive\Desktop\h1\Q3\Solution.cpp(87,21): error C2146: syntax error: missing ';' before identifier 'store_char'
C:\Users\s1221\OneDrive\Desktop\h1\Q3\Solution.cpp(87,21): error C2065: 'store_char': undeclared identifier
C:\Users\s1221\OneDrive\Desktop\h1\Q3\Solution.cpp(88,17): error C2146: syntax error: missing ';' before identifier 'sub'
C:\Users\s1221\OneDrive\Desktop\h1\Q3\Solution.cpp(88,17): error C2065: 'sub': undeclared identifier
C:\Users\s1221\OneDrive\Desktop\h1\Q3\Solution.cpp(88,21): error C2146: syntax error: missing ';' before identifier 'al'
C:\Users\s1221\OneDrive\Desktop\h1\Q3\Solution.cpp(88,21): error C2065: 'al': undeclared identifier
C:\Users\s1221\OneDrive\Desktop\h1\Q3\Solution.cpp(89,17): error C2146: syntax error: missing ';' before identifier 'jmp'
C:\Users\s1221\OneDrive\Desktop\h1\Q3\Solution.cpp(89,17): error C2065: 'jmp': undeclared identifier
C:\Users\s1221\OneDrive\Desktop\h1\Q3\Solution.cpp(89,21): error C2146: syntax error: missing ';' before identifier 'store_char'
C:\Users\s1221\OneDrive\Desktop\h1\Q3\Solution.cpp(89,21): error C2065: 'store_char': undeclared identifier
C:\Users\s1221\OneDrive\Desktop\h1\Q3\Solution.cpp(89,21): error C1003: error count exceeds 100; stopping compilation
